#
# There is insufficient memory for the Java Runtime Environment to continue.
# Native memory allocation (malloc) failed to allocate 956976 bytes for Chunk::new
# Possible reasons:
#   The system is out of physical RAM or swap space
#   The process is running with CompressedOops enabled, and the Java Heap may be blocking the growth of the native heap
# Possible solutions:
#   Reduce memory load on the system
#   Increase physical memory or swap space
#   Check if swap backing store is full
#   Decrease Java heap size (-Xmx/-Xms)
#   Decrease number of Java threads
#   Decrease Java thread stack sizes (-Xss)
#   Set larger code cache with -XX:ReservedCodeCacheSize=
#   JVM is running with Unscaled Compressed Oops mode in which the Java heap is
#     placed in the first 4GB address space. The Java Heap base address is the
#     maximum limit for the native heap growth. Please use -XX:HeapBaseMinAddress
#     to set the Java Heap base and to place the Java Heap above 4GB virtual address.
# This output file may be truncated or incomplete.
#
#  Out of Memory Error (allocation.cpp:389), pid=32612, tid=0x0000000000006ac4
#
# JRE version: Java(TM) SE Runtime Environment (8.0_221-b11) (build 1.8.0_221-b11)
# Java VM: Java HotSpot(TM) 64-Bit Server VM (25.221-b11 mixed mode windows-amd64 compressed oops)
# Failed to write core dump. Minidumps are not enabled by default on client versions of Windows
#

---------------  T H R E A D  ---------------

Current thread (0x0000000019c44000):  JavaThread "C2 CompilerThread2" daemon [_thread_in_native, id=27332, stack(0x000000001a7a0000,0x000000001a8a0000)]

Stack: [0x000000001a7a0000,0x000000001a8a0000]
[error occurred during error reporting (printing stack bounds), id 0xc0000005]

Native frames: (J=compiled Java code, j=interpreted, Vv=VM code, C=native code)


Current CompileTask:
C2:    529  544       4       java.io.WinNTFileSystem::normalize (143 bytes)


---------------  P R O C E S S  ---------------

Java Threads: ( => current thread )
  0x0000000019c82000 JavaThread "Service Thread" daemon [_thread_blocked, id=23648, stack(0x000000001a9a0000,0x000000001aaa0000)]
  0x0000000019c52800 JavaThread "C1 CompilerThread3" daemon [_thread_blocked, id=23988, stack(0x000000001a8a0000,0x000000001a9a0000)]
=>0x0000000019c44000 JavaThread "C2 CompilerThread2" daemon [_thread_in_native, id=27332, stack(0x000000001a7a0000,0x000000001a8a0000)]
  0x0000000019c3e000 JavaThread "C2 CompilerThread1" daemon [_thread_blocked, id=29496, stack(0x000000001a6a0000,0x000000001a7a0000)]
  0x0000000019c3c000 JavaThread "C2 CompilerThread0" daemon [_thread_blocked, id=32284, stack(0x000000001a5a0000,0x000000001a6a0000)]
  0x0000000019bee000 JavaThread "Monitor Ctrl-Break" daemon [_thread_in_native, id=27004, stack(0x000000001a4a0000,0x000000001a5a0000)]
  0x0000000019bd1000 JavaThread "Attach Listener" daemon [_thread_blocked, id=19672, stack(0x000000001a3a0000,0x000000001a4a0000)]
  0x0000000019bcf000 JavaThread "Signal Dispatcher" daemon [_thread_blocked, id=11488, stack(0x000000001a2a0000,0x000000001a3a0000)]
  0x0000000019bc0800 JavaThread "Finalizer" daemon [_thread_blocked, id=31128, stack(0x000000001a0a0000,0x000000001a1a0000)]
  0x0000000017dbd800 JavaThread "Reference Handler" daemon [_thread_blocked, id=24584, stack(0x0000000019fa0000,0x000000001a0a0000)]
  0x0000000002cd6800 JavaThread "main" [_thread_in_vm, id=9736, stack(0x0000000002bd0000,0x0000000002cd0000)]

Other Threads:
  0x0000000017db9800 VMThread [stack: 0x0000000019aa0000,0x0000000019ba0000] [id=19560]
  0x0000000019d09800 WatcherThread [stack: 0x000000001aaa0000,0x000000001aba0000] [id=22656]

VM state:not at safepoint (normal execution)

VM Mutex/Monitor currently owned by a thread:  ([mutex/lock_event])
[0x0000000002cd3e20] AdapterHandlerLibrary_lock - owner thread: 0x0000000002cd6800

heap address: 0x0000000082800000, size: 2008 MB, Compressed Oops mode: 32-bit
Narrow klass base: 0x0000000000000000, Narrow klass shift: 3
Compressed class space size: 1073741824 Address: 0x0000000100000000

Heap:
 PSYoungGen      total 37888K, used 21012K [0x00000000d6300000, 0x00000000d8d00000, 0x0000000100000000)
  eden space 32768K, 64% used [0x00000000d6300000,0x00000000d7785310,0x00000000d8300000)
  from space 5120K, 0% used [0x00000000d8800000,0x00000000d8800000,0x00000000d8d00000)
  to   space 5120K, 0% used [0x00000000d8300000,0x00000000d8300000,0x00000000d8800000)
 ParOldGen       total 86016K, used 0K [0x0000000082800000, 0x0000000087c00000, 0x00000000d6300000)
  object space 86016K, 0% used [0x0000000082800000,0x0000000082800000,0x0000000087c00000)
 Metaspace       used 6729K, capacity 7106K, committed 7168K, reserved 1056768K
  class space    used 834K, capacity 965K, committed 1024K, reserved 1048576K

Card table byte_map: [0x0000000012290000,0x0000000012680000] byte_map_base: 0x0000000011e7c000

Marking Bits: (ParMarkBitMap*) 0x000000006ce95ce0
 Begin Bits: [0x0000000013120000, 0x0000000015080000)
 End Bits:   [0x0000000015080000, 0x0000000016fe0000)

Polling page: 0x00000000011c0000

CodeCache: size=245760Kb used=2653Kb max_used=2653Kb free=243106Kb
 bounds [0x0000000002ed0000, 0x0000000003170000, 0x0000000011ed0000]
 total_blobs=962 nmethods=670 adapters=205
 compilation: enabled

Compilation events (10 events):
Event: 0.526 Thread 0x0000000019c52800  665  s    3       sun.misc.Resource::cachedInputStream (20 bytes)
Event: 0.526 Thread 0x0000000019c52800 nmethod 665 0x0000000003162590 code [0x0000000003162700, 0x0000000003162ae8]
Event: 0.526 Thread 0x0000000019c52800  667       3       java.security.CodeSource::getCertificates (98 bytes)
Event: 0.527 Thread 0x0000000019c52800 nmethod 667 0x0000000003164dd0 code [0x0000000003165000, 0x0000000003165bf8]
Event: 0.527 Thread 0x0000000019c52800  668       3       java.lang.invoke.LambdaForm$DMH/565760380::invokeStatic_LL_L (15 bytes)
Event: 0.527 Thread 0x0000000019c52800 nmethod 668 0x0000000003166010 code [0x00000000031661a0, 0x0000000003166738]
Event: 0.527 Thread 0x0000000019c52800  666   !   3       java.util.zip.ZipFile$ZipFileInflaterInputStream::close (67 bytes)
Event: 0.527 Thread 0x0000000019c52800 nmethod 666 0x0000000003166890 code [0x0000000003166a60, 0x0000000003167258]
Event: 0.527 Thread 0x0000000019c52800  670       3       java.lang.invoke.InnerClassLambdaMetafactory::getOpcodeOffset (38 bytes)
Event: 0.527 Thread 0x0000000019c52800 nmethod 670 0x0000000003167610 code [0x0000000003167780, 0x0000000003167ac8]

GC Heap History (0 events):
No events

Deoptimization events (0 events):
No events

Classes redefined (0 events):
No events

Internal exceptions (10 events):
Event: 0.035 Thread 0x0000000002cd6800 Exception <a 'java/lang/NoSuchMethodError': Method sun.misc.Unsafe.prefetchRead(Ljava/lang/Object;J)V name or signature does not match> (0x00000000d6307fa0) thrown at [C:\re\workspace\8-2-build-windows-amd64-cygwin\jdk8u221\13320\hotspot\src\share\vm\prim
Event: 0.302 Thread 0x0000000002cd6800 Exception <a 'java/lang/NoSuchFieldError': method resolution failed> (0x00000000d69108e0) thrown at [C:\re\workspace\8-2-build-windows-amd64-cygwin\jdk8u221\13320\hotspot\src\share\vm\prims\methodHandles.cpp, line 1167]
Event: 0.304 Thread 0x0000000002cd6800 Exception <a 'java/lang/NoSuchFieldError': method resolution failed> (0x00000000d691e788) thrown at [C:\re\workspace\8-2-build-windows-amd64-cygwin\jdk8u221\13320\hotspot\src\share\vm\prims\methodHandles.cpp, line 1167]
Event: 0.320 Thread 0x0000000002cd6800 Exception <a 'java/security/PrivilegedActionException'> (0x00000000d69d84f0) thrown at [C:\re\workspace\8-2-build-windows-amd64-cygwin\jdk8u221\13320\hotspot\src\share\vm\prims\jvm.cpp, line 1502]
Event: 0.320 Thread 0x0000000002cd6800 Exception <a 'java/security/PrivilegedActionException'> (0x00000000d69d8700) thrown at [C:\re\workspace\8-2-build-windows-amd64-cygwin\jdk8u221\13320\hotspot\src\share\vm\prims\jvm.cpp, line 1502]
Event: 0.321 Thread 0x0000000002cd6800 Exception <a 'java/security/PrivilegedActionException'> (0x00000000d69dc610) thrown at [C:\re\workspace\8-2-build-windows-amd64-cygwin\jdk8u221\13320\hotspot\src\share\vm\prims\jvm.cpp, line 1502]
Event: 0.321 Thread 0x0000000002cd6800 Exception <a 'java/security/PrivilegedActionException'> (0x00000000d69dc820) thrown at [C:\re\workspace\8-2-build-windows-amd64-cygwin\jdk8u221\13320\hotspot\src\share\vm\prims\jvm.cpp, line 1502]
Event: 0.457 Thread 0x0000000002cd6800 Exception <a 'java/lang/NoSuchMethodError': java.lang.Object.lambda$or$2(Ljava/util/function/Predicate;Ljava/lang/Object;)Z> (0x00000000d72378d0) thrown at [C:\re\workspace\8-2-build-windows-amd64-cygwin\jdk8u221\13320\hotspot\src\share\vm\interpreter\lin
Event: 0.473 Thread 0x0000000002cd6800 Exception <a 'java/lang/IncompatibleClassChangeError': Found class java.lang.Object, but interface was expected> (0x00000000d7384aa0) thrown at [C:\re\workspace\8-2-build-windows-amd64-cygwin\jdk8u221\13320\hotspot\src\share\vm\interpreter\linkResolver.cp
Event: 0.527 Thread 0x0000000002cd6800 Exception <a 'java/lang/NoSuchMethodError': java.lang.Object.lambda$andThen$1(Ljava/util/function/Function;Ljava/lang/Object;)Ljava/lang/Object;> (0x00000000d77588b0) thrown at [C:\re\workspace\8-2-build-windows-amd64-cygwin\jdk8u221\13320\hotspot\src\sha

Events (10 events):
Event: 0.526 loading class org/junit/jupiter/api/Tag
Event: 0.526 loading class org/junit/jupiter/api/Tag done
Event: 0.526 loading class org/junit/platform/engine/TestTag
Event: 0.526 loading class org/junit/platform/engine/TestTag done
Event: 0.526 loading class org/junit/platform/engine/TestTag
Event: 0.526 loading class org/junit/platform/engine/TestTag done
Event: 0.526 loading class org/junit/platform/engine/TestTag
Event: 0.526 loading class org/junit/platform/engine/TestTag done
Event: 0.527 loading class org/junit/jupiter/engine/descriptor/TestInstanceLifecycleUtils
Event: 0.527 loading class org/junit/jupiter/engine/descriptor/TestInstanceLifecycleUtils done


Dynamic libraries:
0x00007ff61daa0000 - 0x00007ff61dad7000 	C:\Program Files\Java\jdk1.8.0_221\bin\java.exe
0x00007ff989580000 - 0x00007ff989770000 	C:\WINDOWS\SYSTEM32\ntdll.dll
0x00007ff94c270000 - 0x00007ff94c284000 	C:\Program Files\AVAST Software\Avast\aswhook.dll
0x00007ff9886c0000 - 0x00007ff988772000 	C:\WINDOWS\System32\KERNEL32.DLL
0x00007ff987160000 - 0x00007ff987403000 	C:\WINDOWS\WinSxS\amd64_microsoft.windows.common-controls_6595b64144ccf1df_6.0.18362.592_none_e6c0b1911312be02\COMCTL32.dll
0x00007ff987800000 - 0x00007ff9878a3000 	C:\WINDOWS\System32\ADVAPI32.dll
0x00007ff987760000 - 0x00007ff9877fe000 	C:\WINDOWS\System32\msvcrt.dll
0x00007ff988c20000 - 0x00007ff988cb7000 	C:\WINDOWS\System32\bcryptPrimitives.dll
0x00007ff988cc0000 - 0x00007ff988de0000 	C:\WINDOWS\System32\RPCRT4.dll
0x00007ff988a00000 - 0x00007ff988b94000 	C:\WINDOWS\System32\USER32.dll
0x00007ff9869b0000 - 0x00007ff9869d1000 	C:\WINDOWS\System32\win32u.dll
0x00007ff988f70000 - 0x00007ff988f96000 	C:\Program Files\Java\jdk1.8.0_221\jre\bin\server\jvm.dll
0x00007ff987410000 - 0x00007ff9875a4000 	C:\WINDOWS\System32\gdi32full.dll
0x00007ff986510000 - 0x00007ff9865ae000 	C:\WINDOWS\System32\msvcp_win.dll
0x00007ff9865e0000 - 0x00007ff9866da000 	C:\WINDOWS\System32\ucrtbase.dll
0x00007ff96e840000 - 0x00007ff96eac5000 	C:\WINDOWS\System32\WS2_32.dll
0x00007ff9891d0000 - 0x00007ff989506000 	C:\WINDOWS\SYSTEM32\WINMM.dll
0x00007ff9875b0000 - 0x00007ff987630000 	C:\WINDOWS\System32\bcryptPrimitives.dll
0x00007ff988780000 - 0x00007ff9887ae000 	C:\WINDOWS\System32\IMM32.DLL
0x000000006cf20000 - 0x000000006cff2000 	C:\Program Files\Java\jdk1.8.0_221\jre\bin\msvcr100.dll
0x000000006c670000 - 0x000000006cf15000 	C:\Program Files\Java\jdk1.8.0_221\jre\bin\server\jvm.dll
0x00007ff988880000 - 0x00007ff988888000 	C:\Program Files\Java\jdk1.8.0_221\jre\bin\verify.dll
0x00007ff976870000 - 0x00007ff976879000 	C:\Program Files\Java\jdk1.8.0_221\jre\bin\java.dll
0x00007ff988de0000 - 0x00007ff988e4f000 	C:\Program Files\Java\jdk1.8.0_221\jre\bin\instrument.dll
0x00007ff983d50000 - 0x00007ff983d74000 	C:\Program Files\Java\jdk1.8.0_221\jre\bin\zip.dll
0x00007ff980630000 - 0x00007ff98063a000 	C:\WINDOWS\SYSTEM32\VERSION.dll
0x00007ff982bb0000 - 0x00007ff982bdd000 	C:\Program Files\AVAST Software\Avast\aswhook.dll
0x00007ff986700000 - 0x00007ff98674a000 	C:\WINDOWS\System32\msvcrt.dll
0x00007ff9776e0000 - 0x00007ff9776ef000 	C:\WINDOWS\System32\USER32.dll
0x00007ff949750000 - 0x00007ff949779000 	C:\WINDOWS\System32\GDI32.dll
0x00007ff9775f0000 - 0x00007ff977613000 	C:\WINDOWS\System32\msvcp_win.dll
0x00007ff93d180000 - 0x00007ff93d196000 	C:\Program Files\Java\jdk1.8.0_221\jre\bin\zip.dll
0x00007ff9878b0000 - 0x00007ff987f95000 	C:\WINDOWS\System32\bcryptPrimitives.dll
0x00007ff9888f0000 - 0x00007ff988999000 	C:\Program Files\Java\jdk1.8.0_221\jre\bin\msvcr100.dll
0x00007ff9869e0000 - 0x00007ff98715f000 	C:\WINDOWS\System32\PSAPI.DLL
0x00007ff9864a0000 - 0x00007ff9864bf000 	C:\WINDOWS\System32\profapi.dll
0x00007ff9864c0000 - 0x00007ff98650a000 	C:\WINDOWS\SYSTEM32\WINMM.dll
0x00007ff986450000 - 0x00007ff986460000 	C:\WINDOWS\SYSTEM32\VERSION.dll
0x00007ff9889a0000 - 0x00007ff9889f2000 	C:\WINDOWS\System32\shlwapi.dll
0x00007ff986460000 - 0x00007ff986471000 	C:\WINDOWS\System32\kernel.appcore.dll
0x00007ff9866e0000 - 0x00007ff9866f7000 	C:\Program Files\Java\jdk1.8.0_221\jre\bin\java.dll
0x00007ff977d30000 - 0x00007ff977d4a000 	C:\Users\mehul\AppData\Local\JetBrains\Toolbox\apps\IDEA-U\ch-0\193.6015.39\bin\breakgen64.dll
0x00007ff927900000 - 0x00007ff92791a000 	C:\Program Files\Java\jdk1.8.0_221\jre\bin\net.dll
0x00007ff979090000 - 0x00007ff979266000 	C:\WINDOWS\SYSTEM32\urlmon.dll
0x00007ff978de0000 - 0x00007ff979086000 	C:\WINDOWS\SYSTEM32\iertutil.dll
0x00007ff985e90000 - 0x00007ff985e9c000 	C:\WINDOWS\SYSTEM32\CRYPTBASE.DLL
0x00007ff985cc0000 - 0x00007ff985d27000 	C:\WINDOWS\system32\mswsock.dll

VM Arguments:
jvm_args: -ea -Didea.test.cyclic.buffer.size=1048576 -javaagent:C:\Users\mehul\AppData\Local\JetBrains\Toolbox\apps\IDEA-U\ch-0\193.6015.39\lib\idea_rt.jar=60006:C:\Users\mehul\AppData\Local\JetBrains\Toolbox\apps\IDEA-U\ch-0\193.6015.39\bin -Dfile.encoding=UTF-8 
java_command: com.intellij.rt.junit.JUnitStarter -ideVersion5 -junit5 com.example.ManufacturerDetail.ManufacturerDetailApplicationTests,testMsg
java_class_path (initial): C:\Users\mehul\AppData\Local\JetBrains\Toolbox\apps\IDEA-U\ch-0\193.6015.39\lib\idea_rt.jar;C:\Users\mehul\AppData\Local\JetBrains\Toolbox\apps\IDEA-U\ch-0\193.6015.39\plugins\junit\lib\junit5-rt.jar;C:\Users\mehul\AppData\Local\JetBrains\Toolbox\apps\IDEA-U\ch-0\193.6015.39\plugins\junit\lib\junit-rt.jar;C:\Program Files\Java\jdk1.8.0_221\jre\lib\charsets.jar;C:\Program Files\Java\jdk1.8.0_221\jre\lib\deploy.jar;C:\Program Files\Java\jdk1.8.0_221\jre\lib\ext\access-bridge-64.jar;C:\Program Files\Java\jdk1.8.0_221\jre\lib\ext\cldrdata.jar;C:\Program Files\Java\jdk1.8.0_221\jre\lib\ext\dnsns.jar;C:\Program Files\Java\jdk1.8.0_221\jre\lib\ext\jaccess.jar;C:\Program Files\Java\jdk1.8.0_221\jre\lib\ext\jfxrt.jar;C:\Program Files\Java\jdk1.8.0_221\jre\lib\ext\localedata.jar;C:\Program Files\Java\jdk1.8.0_221\jre\lib\ext\nashorn.jar;C:\Program Files\Java\jdk1.8.0_221\jre\lib\ext\sunec.jar;C:\Program Files\Java\jdk1.8.0_221\jre\lib\ext\sunjce_provider.jar;C:\Program Files\Java\jdk1.8.0_221\jre\lib\ext\sunmscapi.jar;C:\Program Files\Java\jdk1.8.0_221\jre\lib\ext\sunpkcs11.jar;C:\Program Files\Java\jdk1.8.0_221\jre\lib\ext\zipfs.jar;C:\Program Files\Java\jdk1.8.0_221\jre\lib\javaws.jar;C:\Program Files\Java\jdk1.8.0_221\jre\lib\jce.jar;C:\Program Files\Java\jdk1.8.0_221\jre\lib\jfr.jar;C:\Program Files\Java\jdk1.8.0_221\jre\lib\jfxswt.jar;C:\Program Files\Java\jdk1.8.0_221\jre\lib\jsse.jar;C:\Program Files\Java\jdk1.8.0_221\jre\lib\management-agent.jar;C:\Program Files\Java\jdk1.8.0_221\jre\lib\plugin.jar;C:\Program Files\Java\jdk1.8.0_221\jre\lib\resources.jar;C:\Program Files\Java\jdk1.8.0_221\jre\lib\rt.jar;C:\Users\mehul\Downloads\ManufacturerDetail\target\test-classes;C:\Users\mehul\Downloads\ManufacturerDetail\target\classes;C:\Users\mehul\.m2\repository\org\springframework\boot\spring-boot-starter-web\2.2.4.RELEASE\spring-boot-starter-web-2.2.4.RELEASE.jar;C:\Users\mehul\.m2\repository\org\springframework\boot\spring-boot-starter\2.2.4.REL
Launcher Type: SUN_STANDARD

Environment Variables:
JAVA_HOME=C:\Program Files\Java\jdk1.8.0_221
CLASSPATH=C:\mysql jar
PATH=C:\Python38\Scripts\;C:\Python38\;C:\Program Files\Java\jdk1.8.0_221\bin;C:\Program Files (x86)\Common Files\Oracle\Java\javapath;C:\Windows\system32;C:\Windows;C:\Windows\System32\Wbem;C:\Windows\System32\WindowsPowerShell\v1.0\;C:\Windows\System32\OpenSSH\;C:\Program Files\nodejs\;C:\Users\mehul\AppData\Roaming\Microsoft\Windows\Start Menu\Programs\Python 3.7;C:\PostgreSQL\pg11\bin;C:\PostgreSQL1\pg10\bin;C:\Program Files\PCL 1.8.1\bin;C:\WINDOWS\system32;C:\WINDOWS;C:\WINDOWS\System32\Wbem;C:\WINDOWS\System32\WindowsPowerShell\v1.0\;C:\WINDOWS\System32\OpenSSH\;C:\Program Files (x86)\Windows Kits\10\Windows Performance Toolkit\;C:\Program Files\Microsoft SQL Server\130\Tools\Binn\;C:\ProgramData\chocolatey\bin;C:\Program Files\MySQL\MySQL Shell 8.0\bin\
USERNAME=mehul
OS=Windows_NT
PROCESSOR_IDENTIFIER=Intel64 Family 6 Model 142 Stepping 10, GenuineIntel



---------------  S Y S T E M  ---------------

OS: Windows 10.0 , 64 bit Build 18362 (10.0.18362.329)

CPU:total 8 (initial active 8) (4 cores per cpu, 2 threads per core) family 6 model 142 stepping 10, cmov, cx8, fxsr, mmx, sse, sse2, sse3, ssse3, sse4.1, sse4.2, popcnt, avx, avx2, aes, clmul, erms, 3dnowpref, lzcnt, ht, tsc, tscinvbit, bmi1, bmi2, adx

Memory: 4k page, physical 8218744k(1141468k free), swap 15892524k(5256k free)

vm_info: Java HotSpot(TM) 64-Bit Server VM (25.221-b11) for windows-amd64 JRE (1.8.0_221-b11), built on Jul  4 2019 04:39:29 by "java_re" with MS VC++ 10.0 (VS2010)

time: Fri Jan 31 15:40:49 2020
timezone: Eastern Standard Time
elapsed time: 0 seconds (0d 0h 0m 0s)

